{"level":"info","message":"/api/listener-quiz/createUser","timestamp":"15:32:52"}
{"updated_at":"2018-05-04T15:32:52.973Z","created_at":"2018-05-04T15:32:52.973Z","id":1,"level":"info","message":"received","timestamp":"15:32:52"}
{"level":"info","message":"/api/listener-quiz/getAllStimuli","timestamp":"15:32:53"}
{"stimuli":["NAIV-029.mp3","NAIV-096.mp3","NAIV-077.mp3","NAIV-007.mp3","NAIV-030.mp3","NAIV-111.mp3","NAIV-025.mp3","NAIV-042.mp3","NAIV-013.mp3","NAIV-032.mp3","NAIV-107.mp3","NAIV-099.mp3","NAIV-031.mp3","NAIV-118.mp3","NAIV-039.mp3","NAIV-094.mp3","NAIV-024.mp3","NAIV-023.mp3","NAIV-078.mp3","NAIV-005.mp3","NAIV-054.mp3","NAIV-064.mp3","NAIV-001.mp3","NAIV-073.mp3","NAIV-100.mp3","NAIV-108.mp3","NAIV-079.mp3","NAIV-090.mp3","NAIV-003.mp3","NAIV-051.mp3","NAIV-060.mp3","NAIV-012.mp3","NAIV-068.mp3","NAIV-052.mp3","NAIV-018.mp3","NAIV-106.mp3"],"user":1,"level":"info","message":"received","timestamp":"15:32:53"}
{"level":"info","message":"/api/listener-quiz/response","timestamp":"15:33:10"}
{"user_id":1,"data_string":{"rt":null,"key_press":null,"trial_type":"audio-keyboard-response","trial_index":5,"time_elapsed":17651,"internal_node_id":"0.0-5.0","description":"headphone check"},"updated_at":"2018-05-04T15:33:10.861Z","created_at":"2018-05-04T15:33:10.861Z","id":1,"level":"info","message":"received","timestamp":"15:33:10"}
{"level":"info","message":"/api/listener-quiz/response","timestamp":"15:33:15"}
{"user_id":1,"data_string":{"rt":null,"key_press":null,"trial_type":"audio-keyboard-response","trial_index":7,"time_elapsed":22434,"internal_node_id":"0.0-7.0","description":"headphone check"},"updated_at":"2018-05-04T15:33:15.643Z","created_at":"2018-05-04T15:33:15.643Z","id":2,"level":"info","message":"received","timestamp":"15:33:15"}
{"level":"info","message":"/api/listener-quiz/response","timestamp":"15:33:17"}
{"user_id":1,"data_string":{"rt":964,"key_press":49,"trial_type":"audio-keyboard-response","trial_index":9,"time_elapsed":23939,"internal_node_id":"0.0-9.0","description":"headphone check"},"updated_at":"2018-05-04T15:33:17.156Z","created_at":"2018-05-04T15:33:17.156Z","id":3,"level":"info","message":"received","timestamp":"15:33:17"}
{"level":"info","message":"/api/listener-quiz/response","timestamp":"15:33:17"}
{"user_id":1,"data_string":{"rt":122,"key_press":49,"trial_type":"audio-keyboard-response","trial_index":11,"time_elapsed":24284,"internal_node_id":"0.0-11.0","description":"headphone check"},"updated_at":"2018-05-04T15:33:17.496Z","created_at":"2018-05-04T15:33:17.496Z","id":4,"level":"info","message":"received","timestamp":"15:33:17"}
{"level":"info","message":"/api/listener-quiz/response","timestamp":"15:33:17"}
{"user_id":1,"data_string":{"rt":134,"key_press":49,"trial_type":"audio-keyboard-response","trial_index":13,"time_elapsed":24599,"internal_node_id":"0.0-13.0","description":"headphone check"},"updated_at":"2018-05-04T15:33:17.811Z","created_at":"2018-05-04T15:33:17.811Z","id":5,"level":"info","message":"received","timestamp":"15:33:17"}
{"level":"info","message":"/api/listener-quiz/response","timestamp":"15:33:18"}
{"user_id":1,"data_string":{"view_history":"[{\"page_index\":0,\"viewing_time\":1020}]","rt":1020,"trial_type":"instructions","trial_index":15,"time_elapsed":25784,"internal_node_id":"0.0-15.0","description":"headphone check"},"updated_at":"2018-05-04T15:33:18.997Z","created_at":"2018-05-04T15:33:18.997Z","id":6,"level":"info","message":"received","timestamp":"15:33:19"}
{"level":"info","message":"/api/listener-quiz/createUser","timestamp":"15:33:44"}
{"id":1,"created_at":"2018-05-04T15:32:52.973Z","updated_at":"2018-05-04T15:32:52.973Z","auth0_id":"google-oauth2|116297972738884204756","level":"info","message":"received","timestamp":"15:33:44"}
{"level":"info","message":"/api/listener-quiz/response","timestamp":"15:33:44"}
{"level":"info","message":"/api/listener-quiz/response","timestamp":"15:33:44"}
{"level":"info","message":"/api/listener-quiz/response","timestamp":"15:33:44"}
{"level":"info","message":"/api/listener-quiz/response","timestamp":"15:33:44"}
{"level":"info","message":"/api/listener-quiz/response","timestamp":"15:33:44"}
{"level":"info","message":"/api/listener-quiz/response","timestamp":"15:33:44"}
{"user_id":1,"data_string":{"rt":null,"key_press":null,"trial_type":"audio-keyboard-response","trial_index":5,"time_elapsed":17651,"internal_node_id":"0.0-5.0","description":"headphone check"},"updated_at":"2018-05-04T15:33:44.516Z","created_at":"2018-05-04T15:33:44.516Z","id":7,"level":"info","message":"received","timestamp":"15:33:44"}
{"user_id":1,"data_string":{"rt":964,"key_press":49,"trial_type":"audio-keyboard-response","trial_index":9,"time_elapsed":23939,"internal_node_id":"0.0-9.0","description":"headphone check"},"updated_at":"2018-05-04T15:33:44.525Z","created_at":"2018-05-04T15:33:44.525Z","id":8,"level":"info","message":"received","timestamp":"15:33:44"}
{"user_id":1,"data_string":{"rt":null,"key_press":null,"trial_type":"audio-keyboard-response","trial_index":7,"time_elapsed":22434,"internal_node_id":"0.0-7.0","description":"headphone check"},"updated_at":"2018-05-04T15:33:44.594Z","created_at":"2018-05-04T15:33:44.594Z","id":9,"level":"info","message":"received","timestamp":"15:33:44"}
{"user_id":1,"data_string":{"rt":122,"key_press":49,"trial_type":"audio-keyboard-response","trial_index":11,"time_elapsed":24284,"internal_node_id":"0.0-11.0","description":"headphone check"},"updated_at":"2018-05-04T15:33:44.644Z","created_at":"2018-05-04T15:33:44.644Z","id":10,"level":"info","message":"received","timestamp":"15:33:44"}
{"user_id":1,"data_string":{"rt":134,"key_press":49,"trial_type":"audio-keyboard-response","trial_index":13,"time_elapsed":24599,"internal_node_id":"0.0-13.0","description":"headphone check"},"updated_at":"2018-05-04T15:33:44.696Z","created_at":"2018-05-04T15:33:44.696Z","id":11,"level":"info","message":"received","timestamp":"15:33:44"}
{"user_id":1,"data_string":{"view_history":"[{\"page_index\":0,\"viewing_time\":1020}]","rt":1020,"trial_type":"instructions","trial_index":15,"time_elapsed":25784,"internal_node_id":"0.0-15.0","description":"headphone check"},"updated_at":"2018-05-04T15:33:44.754Z","created_at":"2018-05-04T15:33:44.754Z","id":12,"level":"info","message":"received","timestamp":"15:33:44"}
{"level":"info","message":"/api/listener-quiz/deleteUser","timestamp":"15:33:44"}
[]
[]
{"meta":0,"level":"info","message":"received","timestamp":"15:33:44"}
{"level":"info","message":"/api/posts","timestamp":"15:33:48"}
{"auth0_id":"google-oauth2|116297972738884204756","stim":{"question":{"type":"audio-keyboard-response","stimulus":"/quizzes/listener-quiz/audio/NAIV-birthday.mp3","timing_response":10000,"response_ends_trial":false,"prompt":"<p align=\"left\">Please listen to the song excerpt and answer the questions that will follow when complete.</p>","trial_ends_after_audio":true},"choices":{"type":"survey-multi-choice","required":[true],"questions":[{"prompt":"Think of the singer(s). I think that the singers...","options":["<span class=\"p\">Definitely do not use the song to celebrate a birthday</span>","<span class=\"p\">Definitely use the song to celebrate a birthday</span>"]}],"correct":["<span class=\"p\">Definitely use the song to celebrate a birthday</span>"],"force_correct":true},"submitURL":"listener-quiz/stimulusResponse"},"quiz":"listener-quiz","post_subject":"fafd","updated_at":"2018-05-04T15:33:48.939Z","created_at":"2018-05-04T15:33:48.939Z","id":1,"level":"info","message":"received","timestamp":"15:33:48"}
{"level":"info","message":"/api/listener-quiz/createUser","timestamp":"15:33:52"}
{"created_at":"2018-05-04T15:33:52.396Z","updated_at":"2018-05-04T15:33:52.396Z","auth0_id":"google-oauth2|116297972738884204756","id":2,"level":"info","message":"received","timestamp":"15:33:52"}
{"level":"info","message":"/api/posts","timestamp":"15:33:54"}
[{"id":1,"created_at":"2018-05-04T15:33:48.939Z","updated_at":"2018-05-04T15:33:48.939Z","post_subject":"fafd","stim":{"question":{"type":"audio-keyboard-response","stimulus":"/quizzes/listener-quiz/audio/NAIV-birthday.mp3","timing_response":10000,"response_ends_trial":false,"prompt":"<p align=\"left\">Please listen to the song excerpt and answer the questions that will follow when complete.</p>","trial_ends_after_audio":true},"choices":{"type":"survey-multi-choice","required":[true],"questions":[{"prompt":"Think of the singer(s). I think that the singers...","options":["<span class=\"p\">Definitely do not use the song to celebrate a birthday</span>","<span class=\"p\">Definitely use the song to celebrate a birthday</span>"]}],"correct":["<span class=\"p\">Definitely use the song to celebrate a birthday</span>"],"force_correct":true},"submitURL":"listener-quiz/stimulusResponse"},"post_content":null,"auth0_id":"google-oauth2|116297972738884204756","quiz":"listener-quiz"}]
{"level":"info","message":"/api/listener-quiz/createUser","timestamp":"15:33:55"}
{"id":2,"created_at":"2018-05-04T15:33:52.396Z","updated_at":"2018-05-04T15:33:52.396Z","auth0_id":"google-oauth2|116297972738884204756","level":"info","message":"received","timestamp":"15:33:55"}
{"level":"info","message":"/api/posts/1","timestamp":"15:33:56"}
{"id":1,"created_at":"2018-05-04T15:33:48.939Z","updated_at":"2018-05-04T15:33:48.939Z","post_subject":"fafd","stim":{"question":{"type":"audio-keyboard-response","stimulus":"/quizzes/listener-quiz/audio/NAIV-birthday.mp3","timing_response":10000,"response_ends_trial":false,"prompt":"<p align=\"left\">Please listen to the song excerpt and answer the questions that will follow when complete.</p>","trial_ends_after_audio":true},"choices":{"type":"survey-multi-choice","required":[true],"questions":[{"prompt":"Think of the singer(s). I think that the singers...","options":["<span class=\"p\">Definitely do not use the song to celebrate a birthday</span>","<span class=\"p\">Definitely use the song to celebrate a birthday</span>"]}],"correct":["<span class=\"p\">Definitely use the song to celebrate a birthday</span>"],"force_correct":true},"submitURL":"listener-quiz/stimulusResponse"},"post_content":null,"auth0_id":"google-oauth2|116297972738884204756","quiz":"listener-quiz","forumComments":[],"level":"info","message":"received","timestamp":"15:33:56"}
{"level":"info","message":"/api/getAuth0User/google-oauth2%7C116297972738884204756","timestamp":"15:33:56"}
{"level":"info","message":"/api/listener-quiz/createUser","timestamp":"15:33:56"}
{"id":2,"created_at":"2018-05-04T15:33:52.396Z","updated_at":"2018-05-04T15:33:52.396Z","auth0_id":"google-oauth2|116297972738884204756","level":"info","message":"received","timestamp":"15:33:56"}
{"level":"info","message":"/api/listener-quiz/stimulusResponse","timestamp":"15:34:12"}
{"user_id":2,"data_string":{"rt":4344,"responses":"{\"Q0\":\"<span class=\\\"p\\\">Definitely use the song to celebrate a birthday</span>\"}","trial_type":"survey-multi-choice","trial_index":1,"time_elapsed":13991,"internal_node_id":"0.0-1.0"},"updated_at":"2018-05-04T15:34:12.626Z","created_at":"2018-05-04T15:34:12.626Z","id":1,"level":"info","message":"received","timestamp":"15:34:12"}
{"level":"info","message":"/api/listener-quiz/stimulusResponse","timestamp":"15:35:27"}
{"user_id":2,"data_string":{"rt":3892,"responses":"{\"Q0\":\"<span class=\\\"p\\\">Definitely use the song to celebrate a birthday</span>\"}","trial_type":"survey-multi-choice","trial_index":1,"time_elapsed":13805,"internal_node_id":"0.0-1.0"},"updated_at":"2018-05-04T15:35:27.806Z","created_at":"2018-05-04T15:35:27.806Z","id":2,"level":"info","message":"received","timestamp":"15:35:27"}
